{"/workspaces/cicd-lab/src/app.ts": {"path":"/workspaces/cicd-lab/src/app.ts","statementMap":{"0":{"start":{"line":4,"column":8},"end":{"line":7,"column":null}},"1":{"start":{"line":9,"column":2},"end":{"line":14,"column":null}},"2":{"start":{"line":10,"column":4},"end":{"line":13,"column":null}},"3":{"start":{"line":16,"column":2},"end":{"line":20,"column":null}},"4":{"start":{"line":17,"column":4},"end":{"line":19,"column":null}},"5":{"start":{"line":22,"column":2},"end":{"line":22,"column":null}}},"fnMap":{"0":{"name":"buildApp","decl":{"start":{"line":3,"column":16},"end":{"line":3,"column":25}},"loc":{"start":{"line":3,"column":61},"end":{"line":23,"column":null}},"line":3},"1":{"name":"(anonymous_1)","decl":{"start":{"line":9,"column":15},"end":{"line":9,"column":27}},"loc":{"start":{"line":9,"column":27},"end":{"line":14,"column":3}},"line":9},"2":{"name":"(anonymous_2)","decl":{"start":{"line":16,"column":21},"end":{"line":16,"column":33}},"loc":{"start":{"line":16,"column":33},"end":{"line":20,"column":3}},"line":16}},"branchMap":{"0":{"loc":{"start":{"line":3,"column":25},"end":{"line":3,"column":61}},"type":"default-arg","locations":[{"start":{"line":3,"column":57},"end":{"line":3,"column":61}}],"line":3},"1":{"loc":{"start":{"line":5,"column":12},"end":{"line":5,"column":null}},"type":"binary-expr","locations":[{"start":{"line":5,"column":12},"end":{"line":5,"column":30}},{"start":{"line":5,"column":30},"end":{"line":5,"column":null}}],"line":5},"2":{"loc":{"start":{"line":12,"column":15},"end":{"line":12,"column":null}},"type":"binary-expr","locations":[{"start":{"line":12,"column":15},"end":{"line":12,"column":42}},{"start":{"line":12,"column":42},"end":{"line":12,"column":null}}],"line":12}},"s":{"0":2,"1":2,"2":1,"3":2,"4":1,"5":2},"f":{"0":2,"1":1,"2":1},"b":{"0":[2],"1":[2,0],"2":[1,1]},"meta":{"lastBranch":3,"lastFunction":3,"lastStatement":6,"seen":{"f:3:16:3:25":0,"b:3:57:3:61":0,"s:4:8:7:Infinity":0,"b:5:12:5:30:5:30:5:Infinity":1,"s:9:2:14:Infinity":1,"f:9:15:9:27":1,"s:10:4:13:Infinity":2,"b:12:15:12:42:12:42:12:Infinity":2,"s:16:2:20:Infinity":3,"f:16:21:16:33":2,"s:17:4:19:Infinity":4,"s:22:2:22:Infinity":5}}}
}
